[2025-07-10 13:17:23,712][src.utils.utils][INFO] - Disabling python warnings! <config.disable_warnings=True>
[2025-07-10 13:17:23,737][src.train][INFO] - Instantiating datamodule <src.datamodules.celltrack_datamodule_mulSeq.CellTrackDataModule>
[2025-07-10 13:17:24,178][numexpr.utils][INFO] - Note: NumExpr detected 48 cores but "NUMEXPR_MAX_THREADS" not set, so enforcing safe limit of 8.
[2025-07-10 13:17:24,179][numexpr.utils][INFO] - NumExpr defaulting to 8 threads.
[2025-07-10 13:17:24,411][src.train][INFO] - Instantiating model <src.models.celltrack_plmodel.CellTrackLitModel>
[2025-07-10 13:17:24,602][src.train][INFO] - Instantiating callback <pytorch_lightning.callbacks.ModelCheckpoint>
[2025-07-10 13:17:24,603][src.train][INFO] - Instantiating callback <pytorch_lightning.callbacks.EarlyStopping>
[2025-07-10 13:17:24,603][src.train][INFO] - Instantiating logger <pytorch_lightning.loggers.tensorboard.TensorBoardLogger>
[2025-07-10 13:17:24,604][src.train][INFO] - Instantiating logger <pytorch_lightning.loggers.csv_logs.CSVLogger>
[2025-07-10 13:17:24,604][src.train][INFO] - Instantiating trainer <pytorch_lightning.Trainer>
[2025-07-10 13:17:24,606][pytorch_lightning.utilities.distributed][INFO] - GPU available: True, used: True
[2025-07-10 13:17:24,606][pytorch_lightning.utilities.distributed][INFO] - TPU available: False, using: 0 TPU cores
[2025-07-10 13:17:24,607][pytorch_lightning.utilities.distributed][INFO] - IPU available: False, using: 0 IPUs
[2025-07-10 13:17:24,607][src.train][INFO] - Logging hyperparameters!
[2025-07-10 13:17:25,396][src.train][INFO] - Starting training!
[2025-07-10 13:17:25,398][pytorch_lightning.accelerators.gpu][INFO] - LOCAL_RANK: 0 - CUDA_VISIBLE_DEVICES: [0]
[2025-07-10 13:17:28,129][pytorch_lightning.core.lightning][INFO] - 
   | Name            | Type                  | Params
-----------------------------------------------------------
0  | model           | CellTrack_Model       | 249 K 
1  | criterion       | BCEWithLogitsLoss     | 0     
2  | trClassMetric   | ClassificationMetrics | 0     
3  | valClassMetric  | ClassificationMetrics | 0     
4  | testClassMetric | ClassificationMetrics | 0     
5  | train_PredCount | Countspecific         | 0     
6  | val_PredCount   | Countspecific         | 0     
7  | test_PredCount  | Countspecific         | 0     
8  | train_TarCount  | Countspecific         | 0     
9  | val_TarCount    | Countspecific         | 0     
10 | test_TarCount   | Countspecific         | 0     
-----------------------------------------------------------
249 K     Trainable params
0         Non-trainable params
249 K     Total params
0.997     Total estimated model params size (MB)
[2025-07-10 13:20:27,118][src.train][INFO] - Starting testing!
[2025-07-10 13:20:27,126][pytorch_lightning.accelerators.gpu][INFO] - LOCAL_RANK: 0 - CUDA_VISIBLE_DEVICES: [0]
[2025-07-10 13:20:27,321][src.train][INFO] - Finalizing!
[2025-07-10 13:20:27,321][src.train][INFO] - Best checkpoint path:
/home/tony/code/cell-tracker-gnn/logs/runs/2025-07-10/13-17-22/checkpoints/epoch=30.ckpt
