[2025-07-10 15:32:57,542][src.utils.utils][INFO] - Disabling python warnings! <config.disable_warnings=True>
[2025-07-10 15:32:57,568][src.train][INFO] - Instantiating datamodule <src.datamodules.celltrack_datamodule_mulSeq.CellTrackDataModule>
[2025-07-10 15:32:57,601][numexpr.utils][INFO] - Note: NumExpr detected 48 cores but "NUMEXPR_MAX_THREADS" not set, so enforcing safe limit of 8.
[2025-07-10 15:32:57,601][numexpr.utils][INFO] - NumExpr defaulting to 8 threads.
[2025-07-10 15:32:58,952][src.train][INFO] - Instantiating model <src.models.celltrack_plmodel.CellTrackLitModel>
[2025-07-10 15:32:59,208][src.train][INFO] - Instantiating callback <pytorch_lightning.callbacks.ModelCheckpoint>
[2025-07-10 15:32:59,210][src.train][INFO] - Instantiating callback <pytorch_lightning.callbacks.EarlyStopping>
[2025-07-10 15:32:59,211][src.train][INFO] - Instantiating logger <pytorch_lightning.loggers.tensorboard.TensorBoardLogger>
[2025-07-10 15:32:59,211][src.train][INFO] - Instantiating logger <pytorch_lightning.loggers.csv_logs.CSVLogger>
[2025-07-10 15:32:59,212][src.train][INFO] - Instantiating trainer <pytorch_lightning.Trainer>
[2025-07-10 15:32:59,214][pytorch_lightning.utilities.distributed][INFO] - GPU available: True, used: True
[2025-07-10 15:32:59,214][pytorch_lightning.utilities.distributed][INFO] - TPU available: False, using: 0 TPU cores
[2025-07-10 15:32:59,214][pytorch_lightning.utilities.distributed][INFO] - IPU available: False, using: 0 IPUs
[2025-07-10 15:32:59,214][src.train][INFO] - Logging hyperparameters!
[2025-07-10 15:33:00,685][src.train][INFO] - Starting training!
[2025-07-10 15:33:00,703][pytorch_lightning.accelerators.gpu][INFO] - LOCAL_RANK: 0 - CUDA_VISIBLE_DEVICES: [0]
[2025-07-10 15:33:04,315][pytorch_lightning.core.lightning][INFO] - 
   | Name            | Type                  | Params
-----------------------------------------------------------
0  | model           | CellTrack_Model       | 249 K 
1  | criterion       | BCEWithLogitsLoss     | 0     
2  | trClassMetric   | ClassificationMetrics | 0     
3  | valClassMetric  | ClassificationMetrics | 0     
4  | testClassMetric | ClassificationMetrics | 0     
5  | train_PredCount | Countspecific         | 0     
6  | val_PredCount   | Countspecific         | 0     
7  | test_PredCount  | Countspecific         | 0     
8  | train_TarCount  | Countspecific         | 0     
9  | val_TarCount    | Countspecific         | 0     
10 | test_TarCount   | Countspecific         | 0     
-----------------------------------------------------------
249 K     Trainable params
0         Non-trainable params
249 K     Total params
0.997     Total estimated model params size (MB)
