[2025-07-10 15:36:21,150][src.utils.utils][INFO] - Disabling python warnings! <config.disable_warnings=True>
[2025-07-10 15:36:21,176][src.train][INFO] - Instantiating datamodule <src.datamodules.celltrack_datamodule_mulSeq.CellTrackDataModule>
[2025-07-10 15:36:21,207][numexpr.utils][INFO] - Note: NumExpr detected 48 cores but "NUMEXPR_MAX_THREADS" not set, so enforcing safe limit of 8.
[2025-07-10 15:36:21,207][numexpr.utils][INFO] - NumExpr defaulting to 8 threads.
[2025-07-10 15:36:26,166][src.train][INFO] - Instantiating model <src.models.celltrack_plmodel.CellTrackLitModel>
[2025-07-10 15:36:26,377][src.train][INFO] - Instantiating callback <pytorch_lightning.callbacks.ModelCheckpoint>
[2025-07-10 15:36:26,378][src.train][INFO] - Instantiating callback <pytorch_lightning.callbacks.EarlyStopping>
[2025-07-10 15:36:26,378][src.train][INFO] - Instantiating logger <pytorch_lightning.loggers.tensorboard.TensorBoardLogger>
[2025-07-10 15:36:26,379][src.train][INFO] - Instantiating logger <pytorch_lightning.loggers.csv_logs.CSVLogger>
[2025-07-10 15:36:26,379][src.train][INFO] - Instantiating trainer <pytorch_lightning.Trainer>
[2025-07-10 15:36:26,382][pytorch_lightning.utilities.distributed][INFO] - GPU available: True, used: True
[2025-07-10 15:36:26,382][pytorch_lightning.utilities.distributed][INFO] - TPU available: False, using: 0 TPU cores
[2025-07-10 15:36:26,382][pytorch_lightning.utilities.distributed][INFO] - IPU available: False, using: 0 IPUs
[2025-07-10 15:36:26,382][src.train][INFO] - Logging hyperparameters!
[2025-07-10 15:36:27,137][src.train][INFO] - Starting training!
[2025-07-10 15:36:27,299][pytorch_lightning.accelerators.gpu][INFO] - LOCAL_RANK: 0 - CUDA_VISIBLE_DEVICES: [0]
[2025-07-10 15:36:30,101][pytorch_lightning.core.lightning][INFO] - 
   | Name            | Type                  | Params
-----------------------------------------------------------
0  | model           | CellTrack_Model       | 249 K 
1  | criterion       | BCEWithLogitsLoss     | 0     
2  | trClassMetric   | ClassificationMetrics | 0     
3  | valClassMetric  | ClassificationMetrics | 0     
4  | testClassMetric | ClassificationMetrics | 0     
5  | train_PredCount | Countspecific         | 0     
6  | val_PredCount   | Countspecific         | 0     
7  | test_PredCount  | Countspecific         | 0     
8  | train_TarCount  | Countspecific         | 0     
9  | val_TarCount    | Countspecific         | 0     
10 | test_TarCount   | Countspecific         | 0     
-----------------------------------------------------------
249 K     Trainable params
0         Non-trainable params
249 K     Total params
0.997     Total estimated model params size (MB)
[2025-07-10 15:36:59,607][src.train][INFO] - Starting testing!
[2025-07-10 15:36:59,782][pytorch_lightning.accelerators.gpu][INFO] - LOCAL_RANK: 0 - CUDA_VISIBLE_DEVICES: [0]
[2025-07-10 15:37:00,039][src.train][INFO] - Finalizing!
[2025-07-10 15:37:00,039][src.train][INFO] - Best checkpoint path:
/home/tony/code/cell-tracker-gnn/logs/runs/2025-07-10/15-36-19/checkpoints/epoch=00.ckpt
