[2025-06-25 19:09:15,019][PML][WARNING] - No module named 'tensorboard'
[2025-06-25 19:09:15,019][PML][WARNING] - There won't be any logging or model saving.
[2025-06-25 19:09:15,020][PML][WARNING] - To fix this, pip install record-keeper tensorboard
[2025-06-25 19:09:15,020][PML][WARNING] - No record_keeper, so no preset hooks are being returned.
[2025-06-25 19:09:17,606][PML][INFO] - Initializing dataloader
[2025-06-25 19:09:17,606][PML][INFO] - Initializing dataloader iterator
[2025-06-25 19:10:29,820][PML][INFO] - Done creating dataloader iterator
[2025-06-25 19:10:29,820][PML][INFO] - TRAINING EPOCH 1
[2025-06-25 19:10:33,358][PML][INFO] - TRAINING EPOCH 2
[2025-06-25 19:11:50,423][PML][INFO] - TRAINING EPOCH 3
[2025-06-25 19:13:08,172][PML][INFO] - TRAINING EPOCH 4
[2025-06-25 19:14:24,975][PML][INFO] - TRAINING EPOCH 5
[2025-06-25 19:15:42,137][PML][INFO] - TRAINING EPOCH 6
[2025-06-25 19:16:59,528][PML][INFO] - TRAINING EPOCH 7
[2025-06-25 19:18:17,262][PML][INFO] - TRAINING EPOCH 8
[2025-06-25 19:19:34,010][PML][INFO] - TRAINING EPOCH 9
[2025-06-25 19:20:51,349][PML][INFO] - TRAINING EPOCH 10
[2025-06-25 19:22:08,948][PML][INFO] - TRAINING EPOCH 11
[2025-06-25 19:23:25,519][PML][INFO] - TRAINING EPOCH 12
[2025-06-25 19:24:43,367][PML][INFO] - TRAINING EPOCH 13
[2025-06-25 19:26:00,036][PML][INFO] - TRAINING EPOCH 14
[2025-06-25 19:27:17,719][PML][INFO] - TRAINING EPOCH 15
[2025-06-25 19:28:39,199][PML][INFO] - TRAINING EPOCH 16
[2025-06-25 19:29:56,511][PML][INFO] - TRAINING EPOCH 17
[2025-06-25 19:31:14,325][PML][INFO] - TRAINING EPOCH 18
[2025-06-25 19:32:31,213][PML][INFO] - TRAINING EPOCH 19
[2025-06-25 19:33:48,935][PML][INFO] - TRAINING EPOCH 20
[2025-06-25 19:35:06,304][PML][INFO] - TRAINING EPOCH 21
[2025-06-25 19:36:23,017][PML][INFO] - TRAINING EPOCH 22
[2025-06-25 19:37:41,257][PML][INFO] - TRAINING EPOCH 23
[2025-06-25 19:38:58,133][PML][INFO] - TRAINING EPOCH 24
[2025-06-25 19:40:16,328][PML][INFO] - TRAINING EPOCH 25
[2025-06-25 19:41:33,840][PML][INFO] - TRAINING EPOCH 26
[2025-06-25 19:42:50,639][PML][INFO] - TRAINING EPOCH 27
[2025-06-25 19:44:07,589][PML][INFO] - TRAINING EPOCH 28
[2025-06-25 19:45:24,190][PML][INFO] - TRAINING EPOCH 29
[2025-06-25 19:46:41,075][PML][INFO] - TRAINING EPOCH 30
[2025-06-25 19:47:58,956][PML][INFO] - TRAINING EPOCH 31
[2025-06-25 19:49:16,394][PML][INFO] - TRAINING EPOCH 32
[2025-06-25 19:50:34,632][PML][INFO] - TRAINING EPOCH 33
[2025-06-25 19:51:52,652][PML][INFO] - TRAINING EPOCH 34
[2025-06-25 19:53:09,982][PML][INFO] - TRAINING EPOCH 35
[2025-06-25 19:54:28,854][PML][INFO] - TRAINING EPOCH 36
[2025-06-25 19:55:50,485][PML][INFO] - TRAINING EPOCH 37
[2025-06-25 19:57:10,512][PML][INFO] - TRAINING EPOCH 38
[2025-06-25 19:58:31,682][PML][INFO] - TRAINING EPOCH 39
[2025-06-25 19:59:51,870][PML][INFO] - TRAINING EPOCH 40
[2025-06-25 20:01:11,215][PML][INFO] - TRAINING EPOCH 41
[2025-06-25 20:02:32,506][PML][INFO] - TRAINING EPOCH 42
[2025-06-25 20:03:55,681][PML][INFO] - TRAINING EPOCH 43
[2025-06-25 20:05:13,712][PML][INFO] - TRAINING EPOCH 44
[2025-06-25 20:06:34,819][PML][INFO] - TRAINING EPOCH 45
