[2025-06-21 02:35:22,892][src.utils.utils][INFO] - Disabling python warnings! <config.disable_warnings=True>
[2025-06-21 02:35:22,920][src.train][INFO] - Instantiating datamodule <src.datamodules.celltrack_datamodule_mulSeq.CellTrackDataModule>
[2025-06-21 02:35:24,848][src.train][INFO] - Instantiating model <src.models.celltrack_plmodel.CellTrackLitModel>
[2025-06-21 02:35:24,903][src.train][INFO] - Instantiating callback <pytorch_lightning.callbacks.ModelCheckpoint>
[2025-06-21 02:35:24,904][src.train][INFO] - Instantiating callback <pytorch_lightning.callbacks.EarlyStopping>
[2025-06-21 02:35:24,904][src.train][INFO] - Instantiating logger <pytorch_lightning.loggers.tensorboard.TensorBoardLogger>
[2025-06-21 02:35:24,905][src.train][INFO] - Instantiating logger <pytorch_lightning.loggers.csv_logs.CSVLogger>
[2025-06-21 02:35:24,905][src.train][INFO] - Instantiating trainer <pytorch_lightning.Trainer>
[2025-06-21 02:35:24,908][pytorch_lightning.utilities.distributed][INFO] - GPU available: False, used: False
[2025-06-21 02:35:24,908][pytorch_lightning.utilities.distributed][INFO] - TPU available: False, using: 0 TPU cores
[2025-06-21 02:35:24,908][pytorch_lightning.utilities.distributed][INFO] - IPU available: False, using: 0 IPUs
[2025-06-21 02:35:24,908][src.train][INFO] - Logging hyperparameters!
[2025-06-21 02:35:24,918][src.train][INFO] - Starting training!
[2025-06-21 02:35:24,960][pytorch_lightning.core.lightning][INFO] - 
   | Name            | Type                  | Params
-----------------------------------------------------------
0  | model           | CellTrack_Model       | 249 K 
1  | criterion       | BCEWithLogitsLoss     | 0     
2  | trClassMetric   | ClassificationMetrics | 0     
3  | valClassMetric  | ClassificationMetrics | 0     
4  | testClassMetric | ClassificationMetrics | 0     
5  | train_PredCount | Countspecific         | 0     
6  | val_PredCount   | Countspecific         | 0     
7  | test_PredCount  | Countspecific         | 0     
8  | train_TarCount  | Countspecific         | 0     
9  | val_TarCount    | Countspecific         | 0     
10 | test_TarCount   | Countspecific         | 0     
-----------------------------------------------------------
249 K     Trainable params
0         Non-trainable params
249 K     Total params
0.997     Total estimated model params size (MB)
[2025-06-21 02:36:52,198][src.train][INFO] - Starting testing!
