[2025-06-25 20:32:49,684][PML][WARNING] - No module named 'tensorboard'
[2025-06-25 20:32:49,684][PML][WARNING] - There won't be any logging or model saving.
[2025-06-25 20:32:49,684][PML][WARNING] - To fix this, pip install record-keeper tensorboard
[2025-06-25 20:32:49,684][PML][WARNING] - No record_keeper, so no preset hooks are being returned.
[2025-06-25 20:32:52,160][PML][INFO] - Initializing dataloader
[2025-06-25 20:32:52,160][PML][INFO] - Initializing dataloader iterator
[2025-06-25 20:34:13,835][PML][INFO] - Done creating dataloader iterator
[2025-06-25 20:34:13,836][PML][INFO] - TRAINING EPOCH 1
[2025-06-25 20:34:16,950][PML][INFO] - TRAINING EPOCH 2
[2025-06-25 20:35:37,193][PML][INFO] - TRAINING EPOCH 3
[2025-06-25 20:36:58,226][PML][INFO] - TRAINING EPOCH 4
[2025-06-25 20:38:17,531][PML][INFO] - TRAINING EPOCH 5
[2025-06-25 20:39:37,912][PML][INFO] - TRAINING EPOCH 6
[2025-06-25 20:40:58,108][PML][INFO] - TRAINING EPOCH 7
[2025-06-25 20:42:17,486][PML][INFO] - TRAINING EPOCH 8
[2025-06-25 20:43:36,792][PML][INFO] - TRAINING EPOCH 9
[2025-06-25 20:44:56,007][PML][INFO] - TRAINING EPOCH 10
[2025-06-25 20:46:15,203][PML][INFO] - TRAINING EPOCH 11
[2025-06-25 20:47:34,280][PML][INFO] - TRAINING EPOCH 12
[2025-06-25 20:48:53,645][PML][INFO] - TRAINING EPOCH 13
[2025-06-25 20:50:13,138][PML][INFO] - TRAINING EPOCH 14
[2025-06-25 20:51:32,324][PML][INFO] - TRAINING EPOCH 15
[2025-06-25 20:52:51,567][PML][INFO] - TRAINING EPOCH 16
[2025-06-25 20:54:10,930][PML][INFO] - TRAINING EPOCH 17
[2025-06-25 20:55:30,372][PML][INFO] - TRAINING EPOCH 18
[2025-06-25 20:56:49,913][PML][INFO] - TRAINING EPOCH 19
[2025-06-25 20:58:09,306][PML][INFO] - TRAINING EPOCH 20
[2025-06-25 20:59:28,918][PML][INFO] - TRAINING EPOCH 21
[2025-06-25 21:00:49,096][PML][INFO] - TRAINING EPOCH 22
[2025-06-25 21:02:09,114][PML][INFO] - TRAINING EPOCH 23
[2025-06-25 21:03:29,162][PML][INFO] - TRAINING EPOCH 24
[2025-06-25 21:04:48,645][PML][INFO] - TRAINING EPOCH 25
[2025-06-25 21:06:09,177][PML][INFO] - TRAINING EPOCH 26
[2025-06-25 21:07:28,279][PML][INFO] - TRAINING EPOCH 27
[2025-06-25 21:08:48,127][PML][INFO] - TRAINING EPOCH 28
[2025-06-25 21:10:08,183][PML][INFO] - TRAINING EPOCH 29
[2025-06-25 21:11:27,628][PML][INFO] - TRAINING EPOCH 30
[2025-06-25 21:12:46,727][PML][INFO] - TRAINING EPOCH 31
[2025-06-25 21:14:06,025][PML][INFO] - TRAINING EPOCH 32
[2025-06-25 21:15:25,912][PML][INFO] - TRAINING EPOCH 33
[2025-06-25 21:16:45,258][PML][INFO] - TRAINING EPOCH 34
[2025-06-25 21:18:04,531][PML][INFO] - TRAINING EPOCH 35
[2025-06-25 21:19:27,586][PML][INFO] - TRAINING EPOCH 36
[2025-06-25 21:20:47,943][PML][INFO] - TRAINING EPOCH 37
[2025-06-25 21:22:08,586][PML][INFO] - TRAINING EPOCH 38
[2025-06-25 21:23:29,385][PML][INFO] - TRAINING EPOCH 39
[2025-06-25 21:24:49,931][PML][INFO] - TRAINING EPOCH 40
[2025-06-25 21:26:09,890][PML][INFO] - TRAINING EPOCH 41
[2025-06-25 21:27:29,553][PML][INFO] - TRAINING EPOCH 42
[2025-06-25 21:28:49,654][PML][INFO] - TRAINING EPOCH 43
[2025-06-25 21:30:09,519][PML][INFO] - TRAINING EPOCH 44
[2025-06-25 21:31:28,579][PML][INFO] - TRAINING EPOCH 45
[2025-06-25 21:32:48,613][PML][INFO] - TRAINING EPOCH 46
[2025-06-25 21:34:07,835][PML][INFO] - TRAINING EPOCH 47
[2025-06-25 21:35:26,638][PML][INFO] - TRAINING EPOCH 48
[2025-06-25 21:36:45,997][PML][INFO] - TRAINING EPOCH 49
[2025-06-25 21:38:05,771][PML][INFO] - TRAINING EPOCH 50
[2025-06-25 21:39:25,074][PML][INFO] - TRAINING EPOCH 51
[2025-06-25 21:40:43,905][PML][INFO] - TRAINING EPOCH 52
[2025-06-25 21:42:04,002][PML][INFO] - TRAINING EPOCH 53
[2025-06-25 21:43:23,568][PML][INFO] - TRAINING EPOCH 54
[2025-06-25 21:44:43,379][PML][INFO] - TRAINING EPOCH 55
[2025-06-25 21:46:03,116][PML][INFO] - TRAINING EPOCH 56
[2025-06-25 21:47:22,456][PML][INFO] - TRAINING EPOCH 57
[2025-06-25 21:48:41,989][PML][INFO] - TRAINING EPOCH 58
[2025-06-25 21:49:59,434][PML][INFO] - TRAINING EPOCH 59
[2025-06-25 21:51:16,365][PML][INFO] - TRAINING EPOCH 60
[2025-06-25 21:52:32,726][PML][INFO] - TRAINING EPOCH 61
[2025-06-25 21:53:49,058][PML][INFO] - TRAINING EPOCH 62
[2025-06-25 21:55:05,613][PML][INFO] - TRAINING EPOCH 63
[2025-06-25 21:56:23,005][PML][INFO] - TRAINING EPOCH 64
[2025-06-25 21:57:39,862][PML][INFO] - TRAINING EPOCH 65
[2025-06-25 21:58:56,894][PML][INFO] - TRAINING EPOCH 66
[2025-06-25 22:00:13,296][PML][INFO] - TRAINING EPOCH 67
[2025-06-25 22:01:29,581][PML][INFO] - TRAINING EPOCH 68
[2025-06-25 22:02:45,999][PML][INFO] - TRAINING EPOCH 69
[2025-06-25 22:04:01,909][PML][INFO] - TRAINING EPOCH 70
[2025-06-25 22:05:18,081][PML][INFO] - TRAINING EPOCH 71
[2025-06-25 22:06:34,361][PML][INFO] - TRAINING EPOCH 72
[2025-06-25 22:07:50,915][PML][INFO] - TRAINING EPOCH 73
[2025-06-25 22:09:07,215][PML][INFO] - TRAINING EPOCH 74
[2025-06-25 22:10:24,600][PML][INFO] - TRAINING EPOCH 75
[2025-06-25 22:11:41,227][PML][INFO] - TRAINING EPOCH 76
[2025-06-25 22:12:57,166][PML][INFO] - TRAINING EPOCH 77
[2025-06-25 22:14:13,510][PML][INFO] - TRAINING EPOCH 78
[2025-06-25 22:15:29,977][PML][INFO] - TRAINING EPOCH 79
[2025-06-25 22:16:46,017][PML][INFO] - TRAINING EPOCH 80
[2025-06-25 22:18:03,277][PML][INFO] - TRAINING EPOCH 81
[2025-06-25 22:19:19,418][PML][INFO] - TRAINING EPOCH 82
[2025-06-25 22:20:36,191][PML][INFO] - TRAINING EPOCH 83
[2025-06-25 22:21:52,299][PML][INFO] - TRAINING EPOCH 84
[2025-06-25 22:23:08,784][PML][INFO] - TRAINING EPOCH 85
[2025-06-25 22:24:25,475][PML][INFO] - TRAINING EPOCH 86
[2025-06-25 22:25:42,363][PML][INFO] - TRAINING EPOCH 87
[2025-06-25 22:26:59,458][PML][INFO] - TRAINING EPOCH 88
[2025-06-25 22:28:15,996][PML][INFO] - TRAINING EPOCH 89
[2025-06-25 22:29:31,786][PML][INFO] - TRAINING EPOCH 90
[2025-06-25 22:30:48,819][PML][INFO] - TRAINING EPOCH 91
[2025-06-25 22:32:06,402][PML][INFO] - TRAINING EPOCH 92
[2025-06-25 22:33:23,137][PML][INFO] - TRAINING EPOCH 93
[2025-06-25 22:34:40,016][PML][INFO] - TRAINING EPOCH 94
[2025-06-25 22:35:57,297][PML][INFO] - TRAINING EPOCH 95
[2025-06-25 22:37:14,213][PML][INFO] - TRAINING EPOCH 96
[2025-06-25 22:38:30,544][PML][INFO] - TRAINING EPOCH 97
[2025-06-25 22:39:46,603][PML][INFO] - TRAINING EPOCH 98
[2025-06-25 22:41:03,920][PML][INFO] - TRAINING EPOCH 99
[2025-06-25 22:42:20,127][PML][INFO] - TRAINING EPOCH 100
[2025-06-25 22:43:36,312][PML][INFO] - TRAINING EPOCH 101
[2025-06-25 22:44:52,451][PML][INFO] - TRAINING EPOCH 102
[2025-06-25 22:46:09,139][PML][INFO] - TRAINING EPOCH 103
[2025-06-25 22:47:25,771][PML][INFO] - TRAINING EPOCH 104
[2025-06-25 22:48:42,956][PML][INFO] - TRAINING EPOCH 105
[2025-06-25 22:49:59,480][PML][INFO] - TRAINING EPOCH 106
[2025-06-25 22:51:16,466][PML][INFO] - TRAINING EPOCH 107
[2025-06-25 22:52:33,832][PML][INFO] - TRAINING EPOCH 108
[2025-06-25 22:53:50,636][PML][INFO] - TRAINING EPOCH 109
[2025-06-25 22:55:06,830][PML][INFO] - TRAINING EPOCH 110
[2025-06-25 22:56:23,856][PML][INFO] - TRAINING EPOCH 111
[2025-06-25 22:57:40,139][PML][INFO] - TRAINING EPOCH 112
[2025-06-25 22:58:57,012][PML][INFO] - TRAINING EPOCH 113
[2025-06-25 23:00:14,479][PML][INFO] - TRAINING EPOCH 114
[2025-06-25 23:01:30,855][PML][INFO] - TRAINING EPOCH 115
[2025-06-25 23:02:47,260][PML][INFO] - TRAINING EPOCH 116
[2025-06-25 23:04:03,810][PML][INFO] - TRAINING EPOCH 117
[2025-06-25 23:05:20,995][PML][INFO] - TRAINING EPOCH 118
[2025-06-25 23:06:37,679][PML][INFO] - TRAINING EPOCH 119
[2025-06-25 23:07:53,817][PML][INFO] - TRAINING EPOCH 120
[2025-06-25 23:09:10,416][PML][INFO] - TRAINING EPOCH 121
[2025-06-25 23:10:27,540][PML][INFO] - TRAINING EPOCH 122
[2025-06-25 23:11:43,946][PML][INFO] - TRAINING EPOCH 123
[2025-06-25 23:13:00,377][PML][INFO] - TRAINING EPOCH 124
[2025-06-25 23:14:17,257][PML][INFO] - TRAINING EPOCH 125
[2025-06-25 23:15:33,386][PML][INFO] - TRAINING EPOCH 126
[2025-06-25 23:16:50,072][PML][INFO] - TRAINING EPOCH 127
[2025-06-25 23:18:06,608][PML][INFO] - TRAINING EPOCH 128
[2025-06-25 23:19:23,596][PML][INFO] - TRAINING EPOCH 129
[2025-06-25 23:20:40,119][PML][INFO] - TRAINING EPOCH 130
[2025-06-25 23:21:56,960][PML][INFO] - TRAINING EPOCH 131
[2025-06-25 23:23:13,506][PML][INFO] - TRAINING EPOCH 132
[2025-06-25 23:24:30,919][PML][INFO] - TRAINING EPOCH 133
[2025-06-25 23:25:47,283][PML][INFO] - TRAINING EPOCH 134
[2025-06-25 23:27:03,376][PML][INFO] - TRAINING EPOCH 135
[2025-06-25 23:28:19,861][PML][INFO] - TRAINING EPOCH 136
[2025-06-25 23:29:36,970][PML][INFO] - TRAINING EPOCH 137
[2025-06-25 23:30:53,367][PML][INFO] - TRAINING EPOCH 138
[2025-06-25 23:32:09,966][PML][INFO] - TRAINING EPOCH 139
[2025-06-25 23:33:26,181][PML][INFO] - TRAINING EPOCH 140
[2025-06-25 23:34:43,611][PML][INFO] - TRAINING EPOCH 141
[2025-06-25 23:35:59,983][PML][INFO] - TRAINING EPOCH 142
[2025-06-25 23:37:16,270][PML][INFO] - TRAINING EPOCH 143
[2025-06-25 23:38:32,490][PML][INFO] - TRAINING EPOCH 144
[2025-06-25 23:39:49,124][PML][INFO] - TRAINING EPOCH 145
[2025-06-25 23:41:06,357][PML][INFO] - TRAINING EPOCH 146
[2025-06-25 23:42:22,856][PML][INFO] - TRAINING EPOCH 147
[2025-06-25 23:43:39,206][PML][INFO] - TRAINING EPOCH 148
[2025-06-25 23:44:55,423][PML][INFO] - TRAINING EPOCH 149
[2025-06-25 23:46:11,474][PML][INFO] - TRAINING EPOCH 150
[2025-06-25 23:47:27,585][PML][INFO] - TRAINING EPOCH 151
[2025-06-25 23:48:43,836][PML][INFO] - TRAINING EPOCH 152
[2025-06-25 23:50:01,107][PML][INFO] - TRAINING EPOCH 153
[2025-06-25 23:51:17,994][PML][INFO] - TRAINING EPOCH 154
[2025-06-25 23:52:34,809][PML][INFO] - TRAINING EPOCH 155
[2025-06-25 23:53:52,228][PML][INFO] - TRAINING EPOCH 156
[2025-06-25 23:55:08,828][PML][INFO] - TRAINING EPOCH 157
[2025-06-25 23:56:25,828][PML][INFO] - TRAINING EPOCH 158
[2025-06-25 23:57:42,891][PML][INFO] - TRAINING EPOCH 159
[2025-06-25 23:58:59,501][PML][INFO] - TRAINING EPOCH 160
[2025-06-26 00:00:15,470][PML][INFO] - TRAINING EPOCH 161
[2025-06-26 00:01:32,516][PML][INFO] - TRAINING EPOCH 162
[2025-06-26 00:02:49,007][PML][INFO] - TRAINING EPOCH 163
[2025-06-26 00:04:06,160][PML][INFO] - TRAINING EPOCH 164
[2025-06-26 00:05:22,884][PML][INFO] - TRAINING EPOCH 165
[2025-06-26 00:06:40,102][PML][INFO] - TRAINING EPOCH 166
[2025-06-26 00:07:56,842][PML][INFO] - TRAINING EPOCH 167
[2025-06-26 00:09:13,662][PML][INFO] - TRAINING EPOCH 168
[2025-06-26 00:10:30,855][PML][INFO] - TRAINING EPOCH 169
[2025-06-26 00:11:48,026][PML][INFO] - TRAINING EPOCH 170
[2025-06-26 00:13:03,893][PML][INFO] - TRAINING EPOCH 171
[2025-06-26 00:14:19,928][PML][INFO] - TRAINING EPOCH 172
[2025-06-26 00:15:35,906][PML][INFO] - TRAINING EPOCH 173
[2025-06-26 00:16:52,196][PML][INFO] - TRAINING EPOCH 174
[2025-06-26 00:18:09,202][PML][INFO] - TRAINING EPOCH 175
[2025-06-26 00:19:26,704][PML][INFO] - TRAINING EPOCH 176
[2025-06-26 00:20:43,594][PML][INFO] - TRAINING EPOCH 177
[2025-06-26 00:22:00,371][PML][INFO] - TRAINING EPOCH 178
[2025-06-26 00:23:17,436][PML][INFO] - TRAINING EPOCH 179
[2025-06-26 00:24:33,872][PML][INFO] - TRAINING EPOCH 180
[2025-06-26 00:25:50,634][PML][INFO] - TRAINING EPOCH 181
[2025-06-26 00:27:07,154][PML][INFO] - TRAINING EPOCH 182
[2025-06-26 00:28:24,707][PML][INFO] - TRAINING EPOCH 183
[2025-06-26 00:29:41,143][PML][INFO] - TRAINING EPOCH 184
[2025-06-26 00:30:57,687][PML][INFO] - TRAINING EPOCH 185
[2025-06-26 00:32:13,925][PML][INFO] - TRAINING EPOCH 186
[2025-06-26 00:33:30,171][PML][INFO] - TRAINING EPOCH 187
[2025-06-26 00:34:46,492][PML][INFO] - TRAINING EPOCH 188
[2025-06-26 00:36:03,386][PML][INFO] - TRAINING EPOCH 189
[2025-06-26 00:37:20,589][PML][INFO] - TRAINING EPOCH 190
[2025-06-26 00:38:37,702][PML][INFO] - TRAINING EPOCH 191
[2025-06-26 00:39:54,481][PML][INFO] - TRAINING EPOCH 192
[2025-06-26 00:41:11,231][PML][INFO] - TRAINING EPOCH 193
[2025-06-26 00:42:27,488][PML][INFO] - TRAINING EPOCH 194
[2025-06-26 00:43:44,843][PML][INFO] - TRAINING EPOCH 195
[2025-06-26 00:45:01,936][PML][INFO] - TRAINING EPOCH 196
[2025-06-26 00:46:17,950][PML][INFO] - TRAINING EPOCH 197
[2025-06-26 00:47:34,151][PML][INFO] - TRAINING EPOCH 198
[2025-06-26 00:48:50,713][PML][INFO] - TRAINING EPOCH 199
[2025-06-26 00:50:07,324][PML][INFO] - TRAINING EPOCH 200
[2025-06-26 00:51:23,901][PML][INFO] - TRAINING EPOCH 201
[2025-06-26 00:52:40,664][PML][INFO] - TRAINING EPOCH 202
[2025-06-26 00:53:57,404][PML][INFO] - TRAINING EPOCH 203
[2025-06-26 00:55:13,198][PML][INFO] - TRAINING EPOCH 204
[2025-06-26 00:56:29,448][PML][INFO] - TRAINING EPOCH 205
[2025-06-26 00:57:45,939][PML][INFO] - TRAINING EPOCH 206
[2025-06-26 00:59:02,485][PML][INFO] - TRAINING EPOCH 207
[2025-06-26 01:00:18,250][PML][INFO] - TRAINING EPOCH 208
[2025-06-26 01:01:34,279][PML][INFO] - TRAINING EPOCH 209
[2025-06-26 01:02:50,383][PML][INFO] - TRAINING EPOCH 210
[2025-06-26 01:04:06,606][PML][INFO] - TRAINING EPOCH 211
[2025-06-26 01:05:23,053][PML][INFO] - TRAINING EPOCH 212
[2025-06-26 01:06:39,977][PML][INFO] - TRAINING EPOCH 213
[2025-06-26 01:07:56,513][PML][INFO] - TRAINING EPOCH 214
[2025-06-26 01:09:13,000][PML][INFO] - TRAINING EPOCH 215
[2025-06-26 01:10:29,703][PML][INFO] - TRAINING EPOCH 216
[2025-06-26 01:11:46,362][PML][INFO] - TRAINING EPOCH 217
[2025-06-26 01:13:02,579][PML][INFO] - TRAINING EPOCH 218
[2025-06-26 01:14:19,758][PML][INFO] - TRAINING EPOCH 219
[2025-06-26 01:15:36,301][PML][INFO] - TRAINING EPOCH 220
[2025-06-26 01:16:52,834][PML][INFO] - TRAINING EPOCH 221
[2025-06-26 01:18:09,891][PML][INFO] - TRAINING EPOCH 222
[2025-06-26 01:19:26,312][PML][INFO] - TRAINING EPOCH 223
[2025-06-26 01:20:42,762][PML][INFO] - TRAINING EPOCH 224
[2025-06-26 01:21:58,836][PML][INFO] - TRAINING EPOCH 225
[2025-06-26 01:23:15,484][PML][INFO] - TRAINING EPOCH 226
[2025-06-26 01:24:32,010][PML][INFO] - TRAINING EPOCH 227
[2025-06-26 01:25:47,837][PML][INFO] - TRAINING EPOCH 228
[2025-06-26 01:27:03,625][PML][INFO] - TRAINING EPOCH 229
[2025-06-26 01:28:21,080][PML][INFO] - TRAINING EPOCH 230
[2025-06-26 01:29:38,409][PML][INFO] - TRAINING EPOCH 231
[2025-06-26 01:30:54,812][PML][INFO] - TRAINING EPOCH 232
[2025-06-26 01:32:10,836][PML][INFO] - TRAINING EPOCH 233
[2025-06-26 01:33:27,304][PML][INFO] - TRAINING EPOCH 234
[2025-06-26 01:34:44,313][PML][INFO] - TRAINING EPOCH 235
[2025-06-26 01:36:01,599][PML][INFO] - TRAINING EPOCH 236
[2025-06-26 01:37:18,585][PML][INFO] - TRAINING EPOCH 237
[2025-06-26 01:38:35,189][PML][INFO] - TRAINING EPOCH 238
[2025-06-26 01:39:51,364][PML][INFO] - TRAINING EPOCH 239
[2025-06-26 01:41:07,378][PML][INFO] - TRAINING EPOCH 240
[2025-06-26 01:42:23,977][PML][INFO] - TRAINING EPOCH 241
[2025-06-26 01:43:40,628][PML][INFO] - TRAINING EPOCH 242
[2025-06-26 01:44:57,089][PML][INFO] - TRAINING EPOCH 243
[2025-06-26 01:46:13,779][PML][INFO] - TRAINING EPOCH 244
[2025-06-26 01:47:30,531][PML][INFO] - TRAINING EPOCH 245
[2025-06-26 01:48:48,004][PML][INFO] - TRAINING EPOCH 246
[2025-06-26 01:50:05,154][PML][INFO] - TRAINING EPOCH 247
[2025-06-26 01:51:21,655][PML][INFO] - TRAINING EPOCH 248
[2025-06-26 01:52:38,550][PML][INFO] - TRAINING EPOCH 249
[2025-06-26 01:53:55,053][PML][INFO] - TRAINING EPOCH 250
[2025-06-26 01:55:11,607][PML][INFO] - TRAINING EPOCH 251
[2025-06-26 01:56:27,672][PML][INFO] - TRAINING EPOCH 252
[2025-06-26 01:57:44,651][PML][INFO] - TRAINING EPOCH 253
[2025-06-26 01:59:01,082][PML][INFO] - TRAINING EPOCH 254
[2025-06-26 02:00:17,902][PML][INFO] - TRAINING EPOCH 255
[2025-06-26 02:01:34,674][PML][INFO] - TRAINING EPOCH 256
[2025-06-26 02:02:51,062][PML][INFO] - TRAINING EPOCH 257
[2025-06-26 02:04:07,491][PML][INFO] - TRAINING EPOCH 258
[2025-06-26 02:05:24,699][PML][INFO] - TRAINING EPOCH 259
[2025-06-26 02:06:40,801][PML][INFO] - TRAINING EPOCH 260
[2025-06-26 02:07:57,709][PML][INFO] - TRAINING EPOCH 261
[2025-06-26 02:09:14,595][PML][INFO] - TRAINING EPOCH 262
[2025-06-26 02:10:31,470][PML][INFO] - TRAINING EPOCH 263
[2025-06-26 02:11:48,911][PML][INFO] - TRAINING EPOCH 264
[2025-06-26 02:13:04,925][PML][INFO] - TRAINING EPOCH 265
[2025-06-26 02:14:21,619][PML][INFO] - TRAINING EPOCH 266
[2025-06-26 02:15:37,447][PML][INFO] - TRAINING EPOCH 267
[2025-06-26 02:16:53,314][PML][INFO] - TRAINING EPOCH 268
[2025-06-26 02:18:10,448][PML][INFO] - TRAINING EPOCH 269
[2025-06-26 02:19:26,727][PML][INFO] - TRAINING EPOCH 270
[2025-06-26 02:20:43,719][PML][INFO] - TRAINING EPOCH 271
[2025-06-26 02:21:59,884][PML][INFO] - TRAINING EPOCH 272
[2025-06-26 02:23:15,653][PML][INFO] - TRAINING EPOCH 273
[2025-06-26 02:24:32,191][PML][INFO] - TRAINING EPOCH 274
[2025-06-26 02:25:48,937][PML][INFO] - TRAINING EPOCH 275
[2025-06-26 02:27:06,116][PML][INFO] - TRAINING EPOCH 276
[2025-06-26 02:28:22,865][PML][INFO] - TRAINING EPOCH 277
[2025-06-26 02:29:39,151][PML][INFO] - TRAINING EPOCH 278
[2025-06-26 02:30:55,687][PML][INFO] - TRAINING EPOCH 279
[2025-06-26 02:32:11,880][PML][INFO] - TRAINING EPOCH 280
[2025-06-26 02:33:29,293][PML][INFO] - TRAINING EPOCH 281
[2025-06-26 02:34:45,607][PML][INFO] - TRAINING EPOCH 282
[2025-06-26 02:36:01,862][PML][INFO] - TRAINING EPOCH 283
[2025-06-26 02:37:18,299][PML][INFO] - TRAINING EPOCH 284
[2025-06-26 02:38:34,840][PML][INFO] - TRAINING EPOCH 285
[2025-06-26 02:39:51,512][PML][INFO] - TRAINING EPOCH 286
[2025-06-26 02:41:08,290][PML][INFO] - TRAINING EPOCH 287
[2025-06-26 02:42:25,459][PML][INFO] - TRAINING EPOCH 288
[2025-06-26 02:43:41,666][PML][INFO] - TRAINING EPOCH 289
[2025-06-26 02:44:58,345][PML][INFO] - TRAINING EPOCH 290
[2025-06-26 02:46:15,223][PML][INFO] - TRAINING EPOCH 291
[2025-06-26 02:47:31,243][PML][INFO] - TRAINING EPOCH 292
[2025-06-26 02:48:47,666][PML][INFO] - TRAINING EPOCH 293
[2025-06-26 02:50:04,175][PML][INFO] - TRAINING EPOCH 294
[2025-06-26 02:51:20,127][PML][INFO] - TRAINING EPOCH 295
[2025-06-26 02:52:36,670][PML][INFO] - TRAINING EPOCH 296
[2025-06-26 02:53:53,241][PML][INFO] - TRAINING EPOCH 297
[2025-06-26 02:55:10,467][PML][INFO] - TRAINING EPOCH 298
[2025-06-26 02:56:27,303][PML][INFO] - TRAINING EPOCH 299
[2025-06-26 02:57:43,486][PML][INFO] - TRAINING EPOCH 300
[2025-06-26 02:58:59,970][PML][INFO] - TRAINING EPOCH 301
[2025-06-26 03:00:16,984][PML][INFO] - TRAINING EPOCH 302
[2025-06-26 03:01:33,604][PML][INFO] - TRAINING EPOCH 303
[2025-06-26 03:02:50,015][PML][INFO] - TRAINING EPOCH 304
[2025-06-26 03:04:06,429][PML][INFO] - TRAINING EPOCH 305
[2025-06-26 03:05:22,695][PML][INFO] - TRAINING EPOCH 306
[2025-06-26 03:06:39,563][PML][INFO] - TRAINING EPOCH 307
[2025-06-26 03:07:56,083][PML][INFO] - TRAINING EPOCH 308
[2025-06-26 03:09:12,750][PML][INFO] - TRAINING EPOCH 309
[2025-06-26 03:10:28,800][PML][INFO] - TRAINING EPOCH 310
[2025-06-26 03:11:44,974][PML][INFO] - TRAINING EPOCH 311
[2025-06-26 03:13:01,677][PML][INFO] - TRAINING EPOCH 312
[2025-06-26 03:14:17,983][PML][INFO] - TRAINING EPOCH 313
[2025-06-26 03:15:35,250][PML][INFO] - TRAINING EPOCH 314
[2025-06-26 03:16:50,931][PML][INFO] - TRAINING EPOCH 315
[2025-06-26 03:18:07,544][PML][INFO] - TRAINING EPOCH 316
[2025-06-26 03:19:24,768][PML][INFO] - TRAINING EPOCH 317
[2025-06-26 03:20:41,107][PML][INFO] - TRAINING EPOCH 318
[2025-06-26 03:21:57,739][PML][INFO] - TRAINING EPOCH 319
[2025-06-26 03:23:14,376][PML][INFO] - TRAINING EPOCH 320
[2025-06-26 03:24:30,836][PML][INFO] - TRAINING EPOCH 321
[2025-06-26 03:25:46,988][PML][INFO] - TRAINING EPOCH 322
[2025-06-26 03:27:02,954][PML][INFO] - TRAINING EPOCH 323
[2025-06-26 03:28:20,090][PML][INFO] - TRAINING EPOCH 324
[2025-06-26 03:29:36,511][PML][INFO] - TRAINING EPOCH 325
[2025-06-26 03:30:52,790][PML][INFO] - TRAINING EPOCH 326
[2025-06-26 03:32:08,476][PML][INFO] - TRAINING EPOCH 327
[2025-06-26 03:33:25,150][PML][INFO] - TRAINING EPOCH 328
[2025-06-26 03:34:42,033][PML][INFO] - TRAINING EPOCH 329
[2025-06-26 03:35:59,098][PML][INFO] - TRAINING EPOCH 330
[2025-06-26 03:37:16,522][PML][INFO] - TRAINING EPOCH 331
[2025-06-26 03:38:33,514][PML][INFO] - TRAINING EPOCH 332
[2025-06-26 03:39:49,886][PML][INFO] - TRAINING EPOCH 333
[2025-06-26 03:41:06,472][PML][INFO] - TRAINING EPOCH 334
[2025-06-26 03:42:23,340][PML][INFO] - TRAINING EPOCH 335
[2025-06-26 03:43:39,826][PML][INFO] - TRAINING EPOCH 336
[2025-06-26 03:44:56,487][PML][INFO] - TRAINING EPOCH 337
[2025-06-26 03:46:12,986][PML][INFO] - TRAINING EPOCH 338
[2025-06-26 03:47:29,577][PML][INFO] - TRAINING EPOCH 339
[2025-06-26 03:48:47,050][PML][INFO] - TRAINING EPOCH 340
[2025-06-26 03:50:03,324][PML][INFO] - TRAINING EPOCH 341
[2025-06-26 03:51:20,065][PML][INFO] - TRAINING EPOCH 342
[2025-06-26 03:52:37,413][PML][INFO] - TRAINING EPOCH 343
[2025-06-26 03:53:53,873][PML][INFO] - TRAINING EPOCH 344
[2025-06-26 03:55:10,771][PML][INFO] - TRAINING EPOCH 345
[2025-06-26 03:56:27,412][PML][INFO] - TRAINING EPOCH 346
[2025-06-26 03:57:43,675][PML][INFO] - TRAINING EPOCH 347
[2025-06-26 03:59:00,464][PML][INFO] - TRAINING EPOCH 348
[2025-06-26 04:00:17,749][PML][INFO] - TRAINING EPOCH 349
[2025-06-26 04:01:34,255][PML][INFO] - TRAINING EPOCH 350
[2025-06-26 04:02:51,338][PML][INFO] - TRAINING EPOCH 351
[2025-06-26 04:04:07,922][PML][INFO] - TRAINING EPOCH 352
[2025-06-26 04:05:25,057][PML][INFO] - TRAINING EPOCH 353
[2025-06-26 04:06:41,603][PML][INFO] - TRAINING EPOCH 354
[2025-06-26 04:07:58,820][PML][INFO] - TRAINING EPOCH 355
[2025-06-26 04:09:15,688][PML][INFO] - TRAINING EPOCH 356
[2025-06-26 04:10:32,626][PML][INFO] - TRAINING EPOCH 357
[2025-06-26 04:11:49,044][PML][INFO] - TRAINING EPOCH 358
[2025-06-26 04:13:05,454][PML][INFO] - TRAINING EPOCH 359
[2025-06-26 04:14:21,679][PML][INFO] - TRAINING EPOCH 360
[2025-06-26 04:15:37,864][PML][INFO] - TRAINING EPOCH 361
[2025-06-26 04:16:54,589][PML][INFO] - TRAINING EPOCH 362
[2025-06-26 04:18:11,520][PML][INFO] - TRAINING EPOCH 363
[2025-06-26 04:19:28,460][PML][INFO] - TRAINING EPOCH 364
[2025-06-26 04:20:45,099][PML][INFO] - TRAINING EPOCH 365
[2025-06-26 04:22:02,396][PML][INFO] - TRAINING EPOCH 366
[2025-06-26 04:23:19,095][PML][INFO] - TRAINING EPOCH 367
[2025-06-26 04:24:36,227][PML][INFO] - TRAINING EPOCH 368
[2025-06-26 04:25:52,755][PML][INFO] - TRAINING EPOCH 369
[2025-06-26 04:27:10,105][PML][INFO] - TRAINING EPOCH 370
[2025-06-26 04:28:26,619][PML][INFO] - TRAINING EPOCH 371
[2025-06-26 04:29:43,000][PML][INFO] - TRAINING EPOCH 372
[2025-06-26 04:30:59,574][PML][INFO] - TRAINING EPOCH 373
[2025-06-26 04:32:16,021][PML][INFO] - TRAINING EPOCH 374
[2025-06-26 04:33:32,947][PML][INFO] - TRAINING EPOCH 375
[2025-06-26 04:34:50,022][PML][INFO] - TRAINING EPOCH 376
[2025-06-26 04:36:06,638][PML][INFO] - TRAINING EPOCH 377
[2025-06-26 04:37:23,853][PML][INFO] - TRAINING EPOCH 378
[2025-06-26 04:38:40,082][PML][INFO] - TRAINING EPOCH 379
[2025-06-26 04:39:56,998][PML][INFO] - TRAINING EPOCH 380
[2025-06-26 04:41:13,746][PML][INFO] - TRAINING EPOCH 381
[2025-06-26 04:42:30,810][PML][INFO] - TRAINING EPOCH 382
[2025-06-26 04:43:47,948][PML][INFO] - TRAINING EPOCH 383
[2025-06-26 04:45:04,521][PML][INFO] - TRAINING EPOCH 384
[2025-06-26 04:46:21,222][PML][INFO] - TRAINING EPOCH 385
[2025-06-26 04:47:38,293][PML][INFO] - TRAINING EPOCH 386
[2025-06-26 04:48:54,861][PML][INFO] - TRAINING EPOCH 387
[2025-06-26 04:50:12,095][PML][INFO] - TRAINING EPOCH 388
[2025-06-26 04:51:28,788][PML][INFO] - TRAINING EPOCH 389
[2025-06-26 04:52:45,021][PML][INFO] - TRAINING EPOCH 390
[2025-06-26 04:54:01,733][PML][INFO] - TRAINING EPOCH 391
[2025-06-26 04:55:18,280][PML][INFO] - TRAINING EPOCH 392
[2025-06-26 04:56:35,135][PML][INFO] - TRAINING EPOCH 393
[2025-06-26 04:57:51,997][PML][INFO] - TRAINING EPOCH 394
[2025-06-26 04:59:08,848][PML][INFO] - TRAINING EPOCH 395
[2025-06-26 05:00:25,533][PML][INFO] - TRAINING EPOCH 396
[2025-06-26 05:01:41,823][PML][INFO] - TRAINING EPOCH 397
[2025-06-26 05:02:58,125][PML][INFO] - TRAINING EPOCH 398
[2025-06-26 05:04:15,026][PML][INFO] - TRAINING EPOCH 399
[2025-06-26 05:05:31,647][PML][INFO] - TRAINING EPOCH 400
[2025-06-26 05:06:47,592][PML][INFO] - TRAINING EPOCH 401
[2025-06-26 05:08:04,353][PML][INFO] - TRAINING EPOCH 402
[2025-06-26 05:09:20,844][PML][INFO] - TRAINING EPOCH 403
[2025-06-26 05:10:36,757][PML][INFO] - TRAINING EPOCH 404
[2025-06-26 05:11:52,881][PML][INFO] - TRAINING EPOCH 405
[2025-06-26 05:13:09,731][PML][INFO] - TRAINING EPOCH 406
[2025-06-26 05:14:26,059][PML][INFO] - TRAINING EPOCH 407
[2025-06-26 05:15:42,900][PML][INFO] - TRAINING EPOCH 408
[2025-06-26 05:16:58,588][PML][INFO] - TRAINING EPOCH 409
[2025-06-26 05:18:13,903][PML][INFO] - TRAINING EPOCH 410
[2025-06-26 05:19:31,346][PML][INFO] - TRAINING EPOCH 411
[2025-06-26 05:20:47,186][PML][INFO] - TRAINING EPOCH 412
[2025-06-26 05:22:03,563][PML][INFO] - TRAINING EPOCH 413
[2025-06-26 05:23:20,779][PML][INFO] - TRAINING EPOCH 414
[2025-06-26 05:24:38,240][PML][INFO] - TRAINING EPOCH 415
[2025-06-26 05:25:54,756][PML][INFO] - TRAINING EPOCH 416
[2025-06-26 05:27:12,673][PML][INFO] - TRAINING EPOCH 417
[2025-06-26 05:28:29,676][PML][INFO] - TRAINING EPOCH 418
[2025-06-26 05:29:46,314][PML][INFO] - TRAINING EPOCH 419
[2025-06-26 05:31:03,244][PML][INFO] - TRAINING EPOCH 420
[2025-06-26 05:32:20,276][PML][INFO] - TRAINING EPOCH 421
[2025-06-26 05:33:36,742][PML][INFO] - TRAINING EPOCH 422
[2025-06-26 05:34:53,556][PML][INFO] - TRAINING EPOCH 423
[2025-06-26 05:36:09,582][PML][INFO] - TRAINING EPOCH 424
[2025-06-26 05:37:26,300][PML][INFO] - TRAINING EPOCH 425
[2025-06-26 05:38:43,088][PML][INFO] - TRAINING EPOCH 426
[2025-06-26 05:39:59,646][PML][INFO] - TRAINING EPOCH 427
[2025-06-26 05:41:16,473][PML][INFO] - TRAINING EPOCH 428
[2025-06-26 05:42:33,621][PML][INFO] - TRAINING EPOCH 429
[2025-06-26 05:43:49,855][PML][INFO] - TRAINING EPOCH 430
[2025-06-26 05:45:06,554][PML][INFO] - TRAINING EPOCH 431
[2025-06-26 05:46:23,551][PML][INFO] - TRAINING EPOCH 432
[2025-06-26 05:47:40,477][PML][INFO] - TRAINING EPOCH 433
[2025-06-26 05:48:56,400][PML][INFO] - TRAINING EPOCH 434
[2025-06-26 05:50:12,855][PML][INFO] - TRAINING EPOCH 435
[2025-06-26 05:51:29,420][PML][INFO] - TRAINING EPOCH 436
[2025-06-26 05:52:45,434][PML][INFO] - TRAINING EPOCH 437
[2025-06-26 05:54:02,166][PML][INFO] - TRAINING EPOCH 438
[2025-06-26 05:55:18,885][PML][INFO] - TRAINING EPOCH 439
[2025-06-26 05:56:35,656][PML][INFO] - TRAINING EPOCH 440
[2025-06-26 05:57:52,337][PML][INFO] - TRAINING EPOCH 441
[2025-06-26 05:59:09,189][PML][INFO] - TRAINING EPOCH 442
[2025-06-26 06:00:25,085][PML][INFO] - TRAINING EPOCH 443
[2025-06-26 06:01:41,959][PML][INFO] - TRAINING EPOCH 444
[2025-06-26 06:02:58,411][PML][INFO] - TRAINING EPOCH 445
[2025-06-26 06:04:14,967][PML][INFO] - TRAINING EPOCH 446
[2025-06-26 06:05:31,801][PML][INFO] - TRAINING EPOCH 447
[2025-06-26 06:06:49,246][PML][INFO] - TRAINING EPOCH 448
[2025-06-26 06:08:05,782][PML][INFO] - TRAINING EPOCH 449
[2025-06-26 06:09:21,991][PML][INFO] - TRAINING EPOCH 450
[2025-06-26 06:10:38,075][PML][INFO] - TRAINING EPOCH 451
[2025-06-26 06:11:55,156][PML][INFO] - TRAINING EPOCH 452
[2025-06-26 06:13:12,578][PML][INFO] - TRAINING EPOCH 453
[2025-06-26 06:14:28,442][PML][INFO] - TRAINING EPOCH 454
[2025-06-26 06:15:44,812][PML][INFO] - TRAINING EPOCH 455
[2025-06-26 06:17:01,739][PML][INFO] - TRAINING EPOCH 456
[2025-06-26 06:18:19,518][PML][INFO] - TRAINING EPOCH 457
[2025-06-26 06:19:36,935][PML][INFO] - TRAINING EPOCH 458
[2025-06-26 06:20:53,397][PML][INFO] - TRAINING EPOCH 459
[2025-06-26 06:22:10,277][PML][INFO] - TRAINING EPOCH 460
[2025-06-26 06:23:27,257][PML][INFO] - TRAINING EPOCH 461
[2025-06-26 06:24:44,237][PML][INFO] - TRAINING EPOCH 462
[2025-06-26 06:26:00,670][PML][INFO] - TRAINING EPOCH 463
[2025-06-26 06:27:17,158][PML][INFO] - TRAINING EPOCH 464
[2025-06-26 06:28:34,392][PML][INFO] - TRAINING EPOCH 465
[2025-06-26 06:29:50,818][PML][INFO] - TRAINING EPOCH 466
[2025-06-26 06:31:07,921][PML][INFO] - TRAINING EPOCH 467
[2025-06-26 06:32:25,239][PML][INFO] - TRAINING EPOCH 468
[2025-06-26 06:33:42,172][PML][INFO] - TRAINING EPOCH 469
[2025-06-26 06:34:59,185][PML][INFO] - TRAINING EPOCH 470
[2025-06-26 06:36:15,340][PML][INFO] - TRAINING EPOCH 471
[2025-06-26 06:37:32,372][PML][INFO] - TRAINING EPOCH 472
[2025-06-26 06:38:49,219][PML][INFO] - TRAINING EPOCH 473
[2025-06-26 06:40:05,001][PML][INFO] - TRAINING EPOCH 474
[2025-06-26 06:41:22,525][PML][INFO] - TRAINING EPOCH 475
[2025-06-26 06:42:39,085][PML][INFO] - TRAINING EPOCH 476
[2025-06-26 06:43:56,162][PML][INFO] - TRAINING EPOCH 477
[2025-06-26 06:45:12,830][PML][INFO] - TRAINING EPOCH 478
[2025-06-26 06:46:28,968][PML][INFO] - TRAINING EPOCH 479
[2025-06-26 06:47:44,848][PML][INFO] - TRAINING EPOCH 480
[2025-06-26 06:49:01,989][PML][INFO] - TRAINING EPOCH 481
[2025-06-26 06:50:18,898][PML][INFO] - TRAINING EPOCH 482
[2025-06-26 06:51:36,018][PML][INFO] - TRAINING EPOCH 483
[2025-06-26 06:52:52,465][PML][INFO] - TRAINING EPOCH 484
[2025-06-26 06:54:09,106][PML][INFO] - TRAINING EPOCH 485
[2025-06-26 06:55:25,928][PML][INFO] - TRAINING EPOCH 486
[2025-06-26 06:56:42,749][PML][INFO] - TRAINING EPOCH 487
[2025-06-26 06:57:59,983][PML][INFO] - TRAINING EPOCH 488
[2025-06-26 06:59:16,018][PML][INFO] - TRAINING EPOCH 489
[2025-06-26 07:00:33,325][PML][INFO] - TRAINING EPOCH 490
[2025-06-26 07:01:49,727][PML][INFO] - TRAINING EPOCH 491
[2025-06-26 07:03:05,656][PML][INFO] - TRAINING EPOCH 492
[2025-06-26 07:04:22,318][PML][INFO] - TRAINING EPOCH 493
[2025-06-26 07:05:38,227][PML][INFO] - TRAINING EPOCH 494
[2025-06-26 07:06:54,519][PML][INFO] - TRAINING EPOCH 495
[2025-06-26 07:08:10,947][PML][INFO] - TRAINING EPOCH 496
[2025-06-26 07:09:27,323][PML][INFO] - TRAINING EPOCH 497
[2025-06-26 07:10:44,196][PML][INFO] - TRAINING EPOCH 498
[2025-06-26 07:11:59,601][PML][INFO] - TRAINING EPOCH 499
[2025-06-26 07:13:16,390][PML][INFO] - TRAINING EPOCH 500
[2025-06-26 07:14:32,899][PML][INFO] - TRAINING EPOCH 501
[2025-06-26 07:15:50,902][PML][INFO] - TRAINING EPOCH 502
[2025-06-26 07:17:06,726][PML][INFO] - TRAINING EPOCH 503
[2025-06-26 07:18:23,358][PML][INFO] - TRAINING EPOCH 504
[2025-06-26 07:19:40,108][PML][INFO] - TRAINING EPOCH 505
[2025-06-26 07:20:56,057][PML][INFO] - TRAINING EPOCH 506
[2025-06-26 07:22:12,693][PML][INFO] - TRAINING EPOCH 507
[2025-06-26 07:23:28,927][PML][INFO] - TRAINING EPOCH 508
[2025-06-26 07:24:44,966][PML][INFO] - TRAINING EPOCH 509
[2025-06-26 07:26:01,647][PML][INFO] - TRAINING EPOCH 510
[2025-06-26 07:27:17,854][PML][INFO] - TRAINING EPOCH 511
[2025-06-26 07:28:34,632][PML][INFO] - TRAINING EPOCH 512
[2025-06-26 07:29:51,563][PML][INFO] - TRAINING EPOCH 513
[2025-06-26 07:31:08,478][PML][INFO] - TRAINING EPOCH 514
[2025-06-26 07:32:25,996][PML][INFO] - TRAINING EPOCH 515
[2025-06-26 07:33:43,338][PML][INFO] - TRAINING EPOCH 516
[2025-06-26 07:35:00,423][PML][INFO] - TRAINING EPOCH 517
[2025-06-26 07:36:17,549][PML][INFO] - TRAINING EPOCH 518
[2025-06-26 07:37:33,438][PML][INFO] - TRAINING EPOCH 519
[2025-06-26 07:38:50,543][PML][INFO] - TRAINING EPOCH 520
[2025-06-26 07:40:07,080][PML][INFO] - TRAINING EPOCH 521
[2025-06-26 07:41:24,630][PML][INFO] - TRAINING EPOCH 522
[2025-06-26 07:42:41,499][PML][INFO] - TRAINING EPOCH 523
[2025-06-26 07:43:58,244][PML][INFO] - TRAINING EPOCH 524
[2025-06-26 07:45:14,009][PML][INFO] - TRAINING EPOCH 525
[2025-06-26 07:46:31,193][PML][INFO] - TRAINING EPOCH 526
[2025-06-26 07:47:47,314][PML][INFO] - TRAINING EPOCH 527
[2025-06-26 07:49:04,578][PML][INFO] - TRAINING EPOCH 528
[2025-06-26 07:50:20,918][PML][INFO] - TRAINING EPOCH 529
[2025-06-26 07:51:36,982][PML][INFO] - TRAINING EPOCH 530
[2025-06-26 07:52:53,708][PML][INFO] - TRAINING EPOCH 531
[2025-06-26 07:54:10,514][PML][INFO] - TRAINING EPOCH 532
[2025-06-26 07:55:27,572][PML][INFO] - TRAINING EPOCH 533
[2025-06-26 07:56:43,840][PML][INFO] - TRAINING EPOCH 534
[2025-06-26 07:58:00,378][PML][INFO] - TRAINING EPOCH 535
[2025-06-26 07:59:16,761][PML][INFO] - TRAINING EPOCH 536
[2025-06-26 08:00:33,970][PML][INFO] - TRAINING EPOCH 537
[2025-06-26 08:01:49,901][PML][INFO] - TRAINING EPOCH 538
[2025-06-26 08:03:06,755][PML][INFO] - TRAINING EPOCH 539
[2025-06-26 08:04:23,221][PML][INFO] - TRAINING EPOCH 540
[2025-06-26 08:05:40,074][PML][INFO] - TRAINING EPOCH 541
[2025-06-26 08:06:57,002][PML][INFO] - TRAINING EPOCH 542
[2025-06-26 08:08:14,554][PML][INFO] - TRAINING EPOCH 543
[2025-06-26 08:09:31,022][PML][INFO] - TRAINING EPOCH 544
[2025-06-26 08:10:47,928][PML][INFO] - TRAINING EPOCH 545
[2025-06-26 08:12:04,299][PML][INFO] - TRAINING EPOCH 546
[2025-06-26 08:13:20,076][PML][INFO] - TRAINING EPOCH 547
[2025-06-26 08:14:36,515][PML][INFO] - TRAINING EPOCH 548
[2025-06-26 08:15:54,046][PML][INFO] - TRAINING EPOCH 549
[2025-06-26 08:17:11,006][PML][INFO] - TRAINING EPOCH 550
[2025-06-26 08:18:27,825][PML][INFO] - TRAINING EPOCH 551
[2025-06-26 08:19:45,550][PML][INFO] - TRAINING EPOCH 552
[2025-06-26 08:21:03,326][PML][INFO] - TRAINING EPOCH 553
[2025-06-26 08:22:19,504][PML][INFO] - TRAINING EPOCH 554
[2025-06-26 08:23:35,863][PML][INFO] - TRAINING EPOCH 555
[2025-06-26 08:24:53,180][PML][INFO] - TRAINING EPOCH 556
[2025-06-26 08:26:10,287][PML][INFO] - TRAINING EPOCH 557
[2025-06-26 08:27:27,327][PML][INFO] - TRAINING EPOCH 558
[2025-06-26 08:28:44,943][PML][INFO] - TRAINING EPOCH 559
[2025-06-26 08:30:01,421][PML][INFO] - TRAINING EPOCH 560
[2025-06-26 08:31:18,458][PML][INFO] - TRAINING EPOCH 561
[2025-06-26 08:32:35,382][PML][INFO] - TRAINING EPOCH 562
[2025-06-26 08:33:52,129][PML][INFO] - TRAINING EPOCH 563
[2025-06-26 08:35:09,383][PML][INFO] - TRAINING EPOCH 564
[2025-06-26 08:36:25,592][PML][INFO] - TRAINING EPOCH 565
[2025-06-26 08:37:42,403][PML][INFO] - TRAINING EPOCH 566
[2025-06-26 08:38:59,201][PML][INFO] - TRAINING EPOCH 567
[2025-06-26 08:40:15,972][PML][INFO] - TRAINING EPOCH 568
[2025-06-26 08:41:33,147][PML][INFO] - TRAINING EPOCH 569
[2025-06-26 08:42:49,621][PML][INFO] - TRAINING EPOCH 570
[2025-06-26 08:44:05,949][PML][INFO] - TRAINING EPOCH 571
[2025-06-26 08:45:22,959][PML][INFO] - TRAINING EPOCH 572
[2025-06-26 08:46:39,429][PML][INFO] - TRAINING EPOCH 573
[2025-06-26 08:47:55,951][PML][INFO] - TRAINING EPOCH 574
[2025-06-26 08:49:13,166][PML][INFO] - TRAINING EPOCH 575
[2025-06-26 08:50:30,286][PML][INFO] - TRAINING EPOCH 576
[2025-06-26 08:51:46,939][PML][INFO] - TRAINING EPOCH 577
[2025-06-26 08:53:03,637][PML][INFO] - TRAINING EPOCH 578
[2025-06-26 08:54:20,451][PML][INFO] - TRAINING EPOCH 579
[2025-06-26 08:55:37,251][PML][INFO] - TRAINING EPOCH 580
[2025-06-26 08:56:54,075][PML][INFO] - TRAINING EPOCH 581
[2025-06-26 08:58:10,732][PML][INFO] - TRAINING EPOCH 582
[2025-06-26 08:59:27,563][PML][INFO] - TRAINING EPOCH 583
[2025-06-26 09:00:43,868][PML][INFO] - TRAINING EPOCH 584
[2025-06-26 09:02:00,722][PML][INFO] - TRAINING EPOCH 585
[2025-06-26 09:03:16,694][PML][INFO] - TRAINING EPOCH 586
[2025-06-26 09:04:33,765][PML][INFO] - TRAINING EPOCH 587
[2025-06-26 09:05:50,477][PML][INFO] - TRAINING EPOCH 588
[2025-06-26 09:07:06,469][PML][INFO] - TRAINING EPOCH 589
[2025-06-26 09:08:22,500][PML][INFO] - TRAINING EPOCH 590
[2025-06-26 09:09:39,208][PML][INFO] - TRAINING EPOCH 591
[2025-06-26 09:10:55,497][PML][INFO] - TRAINING EPOCH 592
[2025-06-26 09:12:11,896][PML][INFO] - TRAINING EPOCH 593
[2025-06-26 09:13:28,562][PML][INFO] - TRAINING EPOCH 594
[2025-06-26 09:14:45,151][PML][INFO] - TRAINING EPOCH 595
[2025-06-26 09:16:01,363][PML][INFO] - TRAINING EPOCH 596
[2025-06-26 09:17:17,688][PML][INFO] - TRAINING EPOCH 597
[2025-06-26 09:18:34,116][PML][INFO] - TRAINING EPOCH 598
[2025-06-26 09:19:50,383][PML][INFO] - TRAINING EPOCH 599
[2025-06-26 09:21:06,793][PML][INFO] - TRAINING EPOCH 600
[2025-06-26 09:22:23,327][PML][INFO] - TRAINING EPOCH 601
[2025-06-26 09:23:39,504][PML][INFO] - TRAINING EPOCH 602
[2025-06-26 09:24:56,342][PML][INFO] - TRAINING EPOCH 603
[2025-06-26 09:26:12,342][PML][INFO] - TRAINING EPOCH 604
[2025-06-26 09:27:29,399][PML][INFO] - TRAINING EPOCH 605
[2025-06-26 09:28:46,719][PML][INFO] - TRAINING EPOCH 606
[2025-06-26 09:30:02,970][PML][INFO] - TRAINING EPOCH 607
[2025-06-26 09:31:19,111][PML][INFO] - TRAINING EPOCH 608
[2025-06-26 09:32:36,727][PML][INFO] - TRAINING EPOCH 609
[2025-06-26 09:33:53,312][PML][INFO] - TRAINING EPOCH 610
[2025-06-26 09:35:09,635][PML][INFO] - TRAINING EPOCH 611
[2025-06-26 09:36:26,385][PML][INFO] - TRAINING EPOCH 612
[2025-06-26 09:37:43,274][PML][INFO] - TRAINING EPOCH 613
[2025-06-26 09:39:00,539][PML][INFO] - TRAINING EPOCH 614
[2025-06-26 09:40:16,983][PML][INFO] - TRAINING EPOCH 615
[2025-06-26 09:41:33,333][PML][INFO] - TRAINING EPOCH 616
[2025-06-26 09:42:50,935][PML][INFO] - TRAINING EPOCH 617
[2025-06-26 09:44:07,976][PML][INFO] - TRAINING EPOCH 618
[2025-06-26 09:45:24,691][PML][INFO] - TRAINING EPOCH 619
[2025-06-26 09:46:41,254][PML][INFO] - TRAINING EPOCH 620
[2025-06-26 09:47:58,550][PML][INFO] - TRAINING EPOCH 621
[2025-06-26 09:49:15,169][PML][INFO] - TRAINING EPOCH 622
[2025-06-26 09:50:32,811][PML][INFO] - TRAINING EPOCH 623
[2025-06-26 09:51:49,025][PML][INFO] - TRAINING EPOCH 624
[2025-06-26 09:53:05,359][PML][INFO] - TRAINING EPOCH 625
[2025-06-26 09:54:21,575][PML][INFO] - TRAINING EPOCH 626
[2025-06-26 09:55:38,309][PML][INFO] - TRAINING EPOCH 627
[2025-06-26 09:56:54,962][PML][INFO] - TRAINING EPOCH 628
[2025-06-26 09:58:12,736][PML][INFO] - TRAINING EPOCH 629
[2025-06-26 09:59:29,389][PML][INFO] - TRAINING EPOCH 630
[2025-06-26 10:00:46,820][PML][INFO] - TRAINING EPOCH 631
[2025-06-26 10:02:03,519][PML][INFO] - TRAINING EPOCH 632
[2025-06-26 10:03:20,390][PML][INFO] - TRAINING EPOCH 633
[2025-06-26 10:04:36,901][PML][INFO] - TRAINING EPOCH 634
[2025-06-26 10:05:54,565][PML][INFO] - TRAINING EPOCH 635
[2025-06-26 10:07:10,966][PML][INFO] - TRAINING EPOCH 636
[2025-06-26 10:08:27,582][PML][INFO] - TRAINING EPOCH 637
[2025-06-26 10:09:44,378][PML][INFO] - TRAINING EPOCH 638
[2025-06-26 10:11:00,093][PML][INFO] - TRAINING EPOCH 639
[2025-06-26 10:12:16,664][PML][INFO] - TRAINING EPOCH 640
[2025-06-26 10:13:33,281][PML][INFO] - TRAINING EPOCH 641
[2025-06-26 10:14:49,216][PML][INFO] - TRAINING EPOCH 642
[2025-06-26 10:16:05,777][PML][INFO] - TRAINING EPOCH 643
[2025-06-26 10:17:22,120][PML][INFO] - TRAINING EPOCH 644
[2025-06-26 10:18:38,796][PML][INFO] - TRAINING EPOCH 645
[2025-06-26 10:19:55,570][PML][INFO] - TRAINING EPOCH 646
[2025-06-26 10:21:12,600][PML][INFO] - TRAINING EPOCH 647
[2025-06-26 10:22:29,249][PML][INFO] - TRAINING EPOCH 648
[2025-06-26 10:23:45,619][PML][INFO] - TRAINING EPOCH 649
[2025-06-26 10:25:02,130][PML][INFO] - TRAINING EPOCH 650
[2025-06-26 10:26:18,021][PML][INFO] - TRAINING EPOCH 651
[2025-06-26 10:27:35,452][PML][INFO] - TRAINING EPOCH 652
[2025-06-26 10:28:52,500][PML][INFO] - TRAINING EPOCH 653
[2025-06-26 10:30:09,122][PML][INFO] - TRAINING EPOCH 654
[2025-06-26 10:31:25,522][PML][INFO] - TRAINING EPOCH 655
[2025-06-26 10:32:42,038][PML][INFO] - TRAINING EPOCH 656
[2025-06-26 10:33:58,550][PML][INFO] - TRAINING EPOCH 657
[2025-06-26 10:35:15,523][PML][INFO] - TRAINING EPOCH 658
[2025-06-26 10:36:31,906][PML][INFO] - TRAINING EPOCH 659
[2025-06-26 10:37:48,567][PML][INFO] - TRAINING EPOCH 660
[2025-06-26 10:39:04,744][PML][INFO] - TRAINING EPOCH 661
[2025-06-26 10:40:22,994][PML][INFO] - TRAINING EPOCH 662
[2025-06-26 10:41:39,733][PML][INFO] - TRAINING EPOCH 663
[2025-06-26 10:42:56,014][PML][INFO] - TRAINING EPOCH 664
[2025-06-26 10:44:12,389][PML][INFO] - TRAINING EPOCH 665
[2025-06-26 10:45:29,146][PML][INFO] - TRAINING EPOCH 666
[2025-06-26 10:46:45,550][PML][INFO] - TRAINING EPOCH 667
[2025-06-26 10:48:02,107][PML][INFO] - TRAINING EPOCH 668
[2025-06-26 10:49:18,643][PML][INFO] - TRAINING EPOCH 669
[2025-06-26 10:50:35,616][PML][INFO] - TRAINING EPOCH 670
[2025-06-26 10:51:52,066][PML][INFO] - TRAINING EPOCH 671
[2025-06-26 10:53:08,713][PML][INFO] - TRAINING EPOCH 672
[2025-06-26 10:54:25,609][PML][INFO] - TRAINING EPOCH 673
[2025-06-26 10:55:41,890][PML][INFO] - TRAINING EPOCH 674
[2025-06-26 10:56:58,174][PML][INFO] - TRAINING EPOCH 675
[2025-06-26 10:58:14,689][PML][INFO] - TRAINING EPOCH 676
[2025-06-26 10:59:30,991][PML][INFO] - TRAINING EPOCH 677
[2025-06-26 11:00:47,519][PML][INFO] - TRAINING EPOCH 678
[2025-06-26 11:02:03,728][PML][INFO] - TRAINING EPOCH 679
[2025-06-26 11:03:20,457][PML][INFO] - TRAINING EPOCH 680
[2025-06-26 11:04:37,399][PML][INFO] - TRAINING EPOCH 681
[2025-06-26 11:05:54,274][PML][INFO] - TRAINING EPOCH 682
[2025-06-26 11:07:11,613][PML][INFO] - TRAINING EPOCH 683
[2025-06-26 11:08:28,540][PML][INFO] - TRAINING EPOCH 684
[2025-06-26 11:09:45,493][PML][INFO] - TRAINING EPOCH 685
[2025-06-26 11:11:02,138][PML][INFO] - TRAINING EPOCH 686
[2025-06-26 11:12:19,085][PML][INFO] - TRAINING EPOCH 687
[2025-06-26 11:13:35,821][PML][INFO] - TRAINING EPOCH 688
[2025-06-26 11:14:52,176][PML][INFO] - TRAINING EPOCH 689
[2025-06-26 11:16:08,872][PML][INFO] - TRAINING EPOCH 690
[2025-06-26 11:17:25,652][PML][INFO] - TRAINING EPOCH 691
[2025-06-26 11:18:41,985][PML][INFO] - TRAINING EPOCH 692
[2025-06-26 11:19:59,153][PML][INFO] - TRAINING EPOCH 693
[2025-06-26 11:21:17,206][PML][INFO] - TRAINING EPOCH 694
[2025-06-26 11:22:37,635][PML][INFO] - TRAINING EPOCH 695
[2025-06-26 11:23:59,481][PML][INFO] - TRAINING EPOCH 696
[2025-06-26 11:25:23,334][PML][INFO] - TRAINING EPOCH 697
[2025-06-26 11:26:46,669][PML][INFO] - TRAINING EPOCH 698
[2025-06-26 11:28:09,272][PML][INFO] - TRAINING EPOCH 699
[2025-06-26 11:29:32,378][PML][INFO] - TRAINING EPOCH 700
[2025-06-26 11:30:55,325][PML][INFO] - TRAINING EPOCH 701
[2025-06-26 11:32:16,631][PML][INFO] - TRAINING EPOCH 702
[2025-06-26 11:33:41,015][PML][INFO] - TRAINING EPOCH 703
[2025-06-26 11:35:05,532][PML][INFO] - TRAINING EPOCH 704
[2025-06-26 11:36:28,710][PML][INFO] - TRAINING EPOCH 705
[2025-06-26 11:37:50,744][PML][INFO] - TRAINING EPOCH 706
[2025-06-26 11:39:13,669][PML][INFO] - TRAINING EPOCH 707
[2025-06-26 11:40:38,853][PML][INFO] - TRAINING EPOCH 708
[2025-06-26 11:42:04,626][PML][INFO] - TRAINING EPOCH 709
[2025-06-26 11:43:29,929][PML][INFO] - TRAINING EPOCH 710
[2025-06-26 11:44:53,332][PML][INFO] - TRAINING EPOCH 711
[2025-06-26 11:46:17,762][PML][INFO] - TRAINING EPOCH 712
[2025-06-26 11:47:41,328][PML][INFO] - TRAINING EPOCH 713
[2025-06-26 11:49:02,831][PML][INFO] - TRAINING EPOCH 714
[2025-06-26 11:50:23,156][PML][INFO] - TRAINING EPOCH 715
[2025-06-26 11:51:44,579][PML][INFO] - TRAINING EPOCH 716
[2025-06-26 11:53:08,347][PML][INFO] - TRAINING EPOCH 717
[2025-06-26 11:54:30,990][PML][INFO] - TRAINING EPOCH 718
[2025-06-26 11:55:49,736][PML][INFO] - TRAINING EPOCH 719
[2025-06-26 11:57:06,901][PML][INFO] - TRAINING EPOCH 720
[2025-06-26 11:58:26,446][PML][INFO] - TRAINING EPOCH 721
[2025-06-26 11:59:46,576][PML][INFO] - TRAINING EPOCH 722
[2025-06-26 12:01:03,698][PML][INFO] - TRAINING EPOCH 723
[2025-06-26 12:02:24,165][PML][INFO] - TRAINING EPOCH 724
[2025-06-26 12:03:52,846][PML][INFO] - TRAINING EPOCH 725
[2025-06-26 12:05:22,581][PML][INFO] - TRAINING EPOCH 726
[2025-06-26 12:06:52,555][PML][INFO] - TRAINING EPOCH 727
[2025-06-26 12:08:23,053][PML][INFO] - TRAINING EPOCH 728
[2025-06-26 12:09:48,962][PML][INFO] - TRAINING EPOCH 729
[2025-06-26 12:11:10,299][PML][INFO] - TRAINING EPOCH 730
[2025-06-26 12:12:32,331][PML][INFO] - TRAINING EPOCH 731
[2025-06-26 12:13:56,453][PML][INFO] - TRAINING EPOCH 732
[2025-06-26 12:15:21,205][PML][INFO] - TRAINING EPOCH 733
[2025-06-26 12:16:41,023][PML][INFO] - TRAINING EPOCH 734
[2025-06-26 12:17:58,951][PML][INFO] - TRAINING EPOCH 735
[2025-06-26 12:19:18,336][PML][INFO] - TRAINING EPOCH 736
[2025-06-26 12:20:37,112][PML][INFO] - TRAINING EPOCH 737
[2025-06-26 12:21:58,173][PML][INFO] - TRAINING EPOCH 738
[2025-06-26 12:23:20,429][PML][INFO] - TRAINING EPOCH 739
[2025-06-26 12:24:43,042][PML][INFO] - TRAINING EPOCH 740
[2025-06-26 12:26:08,499][PML][INFO] - TRAINING EPOCH 741
[2025-06-26 12:27:26,114][PML][INFO] - TRAINING EPOCH 742
[2025-06-26 12:28:48,240][PML][INFO] - TRAINING EPOCH 743
[2025-06-26 12:30:10,642][PML][INFO] - TRAINING EPOCH 744
[2025-06-26 12:31:31,731][PML][INFO] - TRAINING EPOCH 745
[2025-06-26 12:32:51,593][PML][INFO] - TRAINING EPOCH 746
[2025-06-26 12:34:16,009][PML][INFO] - TRAINING EPOCH 747
[2025-06-26 12:35:40,089][PML][INFO] - TRAINING EPOCH 748
[2025-06-26 12:37:03,855][PML][INFO] - TRAINING EPOCH 749
[2025-06-26 12:38:29,909][PML][INFO] - TRAINING EPOCH 750
[2025-06-26 12:39:55,313][PML][INFO] - TRAINING EPOCH 751
[2025-06-26 12:41:24,174][PML][INFO] - TRAINING EPOCH 752
[2025-06-26 12:42:52,942][PML][INFO] - TRAINING EPOCH 753
[2025-06-26 12:44:19,724][PML][INFO] - TRAINING EPOCH 754
[2025-06-26 12:45:44,525][PML][INFO] - TRAINING EPOCH 755
[2025-06-26 12:47:08,795][PML][INFO] - TRAINING EPOCH 756
[2025-06-26 12:48:32,601][PML][INFO] - TRAINING EPOCH 757
[2025-06-26 12:49:56,820][PML][INFO] - TRAINING EPOCH 758
[2025-06-26 12:51:19,486][PML][INFO] - TRAINING EPOCH 759
[2025-06-26 12:52:41,056][PML][INFO] - TRAINING EPOCH 760
[2025-06-26 12:54:04,270][PML][INFO] - TRAINING EPOCH 761
[2025-06-26 12:55:27,113][PML][INFO] - TRAINING EPOCH 762
[2025-06-26 12:56:49,777][PML][INFO] - TRAINING EPOCH 763
[2025-06-26 12:58:12,994][PML][INFO] - TRAINING EPOCH 764
[2025-06-26 12:59:34,680][PML][INFO] - TRAINING EPOCH 765
[2025-06-26 13:00:56,658][PML][INFO] - TRAINING EPOCH 766
[2025-06-26 13:02:18,844][PML][INFO] - TRAINING EPOCH 767
[2025-06-26 13:03:42,149][PML][INFO] - TRAINING EPOCH 768
[2025-06-26 13:05:03,358][PML][INFO] - TRAINING EPOCH 769
[2025-06-26 13:06:24,859][PML][INFO] - TRAINING EPOCH 770
[2025-06-26 13:07:46,288][PML][INFO] - TRAINING EPOCH 771
[2025-06-26 13:09:08,099][PML][INFO] - TRAINING EPOCH 772
[2025-06-26 13:10:31,294][PML][INFO] - TRAINING EPOCH 773
[2025-06-26 13:11:53,193][PML][INFO] - TRAINING EPOCH 774
[2025-06-26 13:13:19,883][PML][INFO] - TRAINING EPOCH 775
[2025-06-26 13:14:41,273][PML][INFO] - TRAINING EPOCH 776
[2025-06-26 13:16:00,537][PML][INFO] - TRAINING EPOCH 777
[2025-06-26 13:17:25,845][PML][INFO] - TRAINING EPOCH 778
[2025-06-26 13:18:47,261][PML][INFO] - TRAINING EPOCH 779
[2025-06-26 13:20:07,432][PML][INFO] - TRAINING EPOCH 780
[2025-06-26 13:21:26,724][PML][INFO] - TRAINING EPOCH 781
[2025-06-26 13:22:45,601][PML][INFO] - TRAINING EPOCH 782
[2025-06-26 13:24:04,970][PML][INFO] - TRAINING EPOCH 783
[2025-06-26 13:25:24,873][PML][INFO] - TRAINING EPOCH 784
[2025-06-26 13:26:43,627][PML][INFO] - TRAINING EPOCH 785
[2025-06-26 13:28:02,216][PML][INFO] - TRAINING EPOCH 786
[2025-06-26 13:29:21,854][PML][INFO] - TRAINING EPOCH 787
[2025-06-26 13:30:41,327][PML][INFO] - TRAINING EPOCH 788
[2025-06-26 13:31:59,663][PML][INFO] - TRAINING EPOCH 789
[2025-06-26 13:33:22,991][PML][INFO] - TRAINING EPOCH 790
[2025-06-26 13:34:45,203][PML][INFO] - TRAINING EPOCH 791
[2025-06-26 13:36:04,374][PML][INFO] - TRAINING EPOCH 792
[2025-06-26 13:37:26,549][PML][INFO] - TRAINING EPOCH 793
[2025-06-26 13:38:48,266][PML][INFO] - TRAINING EPOCH 794
[2025-06-26 13:40:09,125][PML][INFO] - TRAINING EPOCH 795
[2025-06-26 13:41:28,082][PML][INFO] - TRAINING EPOCH 796
[2025-06-26 13:42:47,534][PML][INFO] - TRAINING EPOCH 797
[2025-06-26 13:44:06,879][PML][INFO] - TRAINING EPOCH 798
[2025-06-26 13:45:28,828][PML][INFO] - TRAINING EPOCH 799
[2025-06-26 13:46:51,339][PML][INFO] - TRAINING EPOCH 800
[2025-06-26 13:48:12,274][PML][INFO] - TRAINING EPOCH 801
[2025-06-26 13:49:33,900][PML][INFO] - TRAINING EPOCH 802
[2025-06-26 13:50:54,380][PML][INFO] - TRAINING EPOCH 803
[2025-06-26 13:52:14,008][PML][INFO] - TRAINING EPOCH 804
[2025-06-26 13:53:35,634][PML][INFO] - TRAINING EPOCH 805
[2025-06-26 13:54:56,109][PML][INFO] - TRAINING EPOCH 806
[2025-06-26 13:56:16,011][PML][INFO] - TRAINING EPOCH 807
[2025-06-26 13:57:35,502][PML][INFO] - TRAINING EPOCH 808
[2025-06-26 13:58:55,999][PML][INFO] - TRAINING EPOCH 809
[2025-06-26 14:00:14,341][PML][INFO] - TRAINING EPOCH 810
[2025-06-26 14:01:32,791][PML][INFO] - TRAINING EPOCH 811
[2025-06-26 14:02:54,559][PML][INFO] - TRAINING EPOCH 812
[2025-06-26 14:04:12,080][PML][INFO] - TRAINING EPOCH 813
[2025-06-26 14:05:28,150][PML][INFO] - TRAINING EPOCH 814
[2025-06-26 14:06:45,354][PML][INFO] - TRAINING EPOCH 815
[2025-06-26 14:08:06,653][PML][INFO] - TRAINING EPOCH 816
[2025-06-26 14:09:22,100][PML][INFO] - TRAINING EPOCH 817
[2025-06-26 14:10:38,506][PML][INFO] - TRAINING EPOCH 818
[2025-06-26 14:11:54,956][PML][INFO] - TRAINING EPOCH 819
[2025-06-26 14:13:16,638][PML][INFO] - TRAINING EPOCH 820
[2025-06-26 14:14:35,596][PML][INFO] - TRAINING EPOCH 821
[2025-06-26 14:15:53,828][PML][INFO] - TRAINING EPOCH 822
[2025-06-26 14:17:12,127][PML][INFO] - TRAINING EPOCH 823
[2025-06-26 14:18:31,054][PML][INFO] - TRAINING EPOCH 824
[2025-06-26 14:19:53,307][PML][INFO] - TRAINING EPOCH 825
[2025-06-26 14:21:14,746][PML][INFO] - TRAINING EPOCH 826
[2025-06-26 14:22:31,471][PML][INFO] - TRAINING EPOCH 827
[2025-06-26 14:23:48,202][PML][INFO] - TRAINING EPOCH 828
[2025-06-26 14:25:03,705][PML][INFO] - TRAINING EPOCH 829
[2025-06-26 14:26:19,792][PML][INFO] - TRAINING EPOCH 830
[2025-06-26 14:27:35,865][PML][INFO] - TRAINING EPOCH 831
[2025-06-26 14:28:52,391][PML][INFO] - TRAINING EPOCH 832
[2025-06-26 14:30:12,060][PML][INFO] - TRAINING EPOCH 833
[2025-06-26 14:31:35,134][PML][INFO] - TRAINING EPOCH 834
[2025-06-26 14:32:57,045][PML][INFO] - TRAINING EPOCH 835
[2025-06-26 14:34:17,190][PML][INFO] - TRAINING EPOCH 836
[2025-06-26 14:35:38,446][PML][INFO] - TRAINING EPOCH 837
[2025-06-26 14:36:59,262][PML][INFO] - TRAINING EPOCH 838
[2025-06-26 14:38:19,256][PML][INFO] - TRAINING EPOCH 839
[2025-06-26 14:39:39,561][PML][INFO] - TRAINING EPOCH 840
[2025-06-26 14:41:02,979][PML][INFO] - TRAINING EPOCH 841
[2025-06-26 14:42:25,784][PML][INFO] - TRAINING EPOCH 842
[2025-06-26 14:43:46,798][PML][INFO] - TRAINING EPOCH 843
[2025-06-26 14:45:08,517][PML][INFO] - TRAINING EPOCH 844
[2025-06-26 14:46:29,595][PML][INFO] - TRAINING EPOCH 845
[2025-06-26 14:47:50,791][PML][INFO] - TRAINING EPOCH 846
[2025-06-26 14:49:12,598][PML][INFO] - TRAINING EPOCH 847
